<?xml version="1.0" encoding="UTF-8"?>
<testsuite xmlns:xsi="http://www.w3.org/2001/XMLSchema-instance" xsi:noNamespaceSchemaLocation="https://maven.apache.org/surefire/maven-surefire-plugin/xsd/surefire-test-report-3.0.xsd" version="3.0" name="cucumber.Options.TestRunner" time="1.61" tests="2" errors="2" skipped="0" failures="0">
  <properties>
[...]
</properties>
  <testcase name="Verify if Place is being Succesfully added using AddPlaceAPI" classname="Validating Place API&apos;s" time="0.839">
    <error message="\Users\rahulshetty\restassurednew\APIFramework\src\test\java\resources\global.properties (The system cannot find the path specified)" type="java.io.FileNotFoundException"><![CDATA[java.io.FileNotFoundException: \Users\rahulshetty\restassurednew\APIFramework\src\test\java\resources\global.properties (The system cannot find the path specified)
	at java.base/java.io.FileInputStream.open0(Native Method)
	at java.base/java.io.FileInputStream.open(FileInputStream.java:213)
	at java.base/java.io.FileInputStream.<init>(FileInputStream.java:152)
	at java.base/java.io.FileInputStream.<init>(FileInputStream.java:106)
	at resources.Utils.getGlobalValue(Utils.java:43)
	at resources.Utils.requestSpecification(Utils.java:28)
	at stepDefinations.StepDefination.add_Place_Payload_with(StepDefination.java:40)
	at ✽.Add Place Payload with "AAhouse"  "English" "World cross center"(file:///C:/Users/nbasha/Desktop/Venus/RestAssured-Rahul/APIFramework/APIFramework/src/test/java/features/placeValidations.feature:4)
]]></error>
  </testcase>
  <testcase name="Verify if Delete Place functionality is working" classname="Validating Place API&apos;s" time="0.006">
    <error message="\Users\rahulshetty\restassurednew\APIFramework\src\test\java\resources\global.properties (The system cannot find the path specified)" type="java.io.FileNotFoundException"><![CDATA[java.io.FileNotFoundException: \Users\rahulshetty\restassurednew\APIFramework\src\test\java\resources\global.properties (The system cannot find the path specified)
	at java.base/java.io.FileInputStream.open0(Native Method)
	at java.base/java.io.FileInputStream.open(FileInputStream.java:213)
	at java.base/java.io.FileInputStream.<init>(FileInputStream.java:152)
	at java.base/java.io.FileInputStream.<init>(FileInputStream.java:106)
	at resources.Utils.getGlobalValue(Utils.java:43)
	at resources.Utils.requestSpecification(Utils.java:28)
	at stepDefinations.StepDefination.add_Place_Payload_with(StepDefination.java:40)
	at stepDefinations.Hooks.beforeScenario(Hooks.java:18)
]]></error>
  </testcase>
</testsuite>